<?xml version="1.0" encoding="UTF-8"?>
<!-- Generated by org.testng.reporters.JUnitXMLReporter -->
<testsuite ignored="0" hostname="DESKTOP-C7ALN6B" failures="0" tests="13" name="Default test" time="11.349" errors="0" timestamp="2024-01-10T09:06:10 IST">
  <testcase classname="com.qc.pom.tests.POMTest" name="doLogin" time="0.713"/>
  <testcase classname="com.qc.pom.tests.POMTest" name="doLogin" time="0.595"/>
  <testcase classname="com.qc.pom.tests.POMTest" name="doLogin" time="0.526"/>
  <testcase classname="com.qc.pom.tests.POMTest" name="doLogin" time="0.455"/>
  <testcase classname="com.qc.pom.tests.POMTest" name="doLogin" time="0.528"/>
  <testcase classname="com.qc.pom.tests.POMTest" name="doLogin" time="0.6"/>
  <testcase classname="com.qc.pom.tests.POMTest" name="doLogin" time="1.436"/>
  <testcase classname="com.qc.pom.tests.POMTest" name="doRegister" time="1.261"/>
  <testcase classname="com.qc.pom.tests.POMTest" name="doRegister" time="0.814"/>
  <testcase classname="com.qc.pom.tests.POMTest" name="doRegister" time="0.895"/>
  <testcase classname="com.qc.pom.tests.POMTest" name="doRegister" time="0.978"/>
  <testcase classname="com.qc.pom.tests.POMTest" name="doRegister" time="0.794"/>
  <testcase classname="com.qc.pom.tests.POMTest" name="doRegister" time="0.943"/>
</testsuite> <!-- Default test -->
