<?xml version="1.0" encoding="UTF-8"?>
<!-- Generated by org.testng.reporters.JUnitXMLReporter -->
<testsuite ignored="0" hostname="DESKTOP-C7ALN6B" failures="0" tests="7" name="Default test" time="5.859" errors="0" timestamp="2024-06-29T10:41:27 IST">
  <testcase classname="com.qc.pom.tests.POMTest" name="doLogin" time="0.585"/>
  <testcase classname="com.qc.pom.tests.POMTest" name="doLogin" time="0.559"/>
  <testcase classname="com.qc.pom.tests.POMTest" name="doLogin" time="0.533"/>
  <testcase classname="com.qc.pom.tests.POMTest" name="doLogin" time="0.606"/>
  <testcase classname="com.qc.pom.tests.POMTest" name="doLogin" time="0.626"/>
  <testcase classname="com.qc.pom.tests.POMTest" name="doLogin" time="0.539"/>
  <testcase classname="com.qc.pom.tests.POMTest" name="doLogin" time="1.802"/>
</testsuite> <!-- Default test -->
