<?xml version="1.0" encoding="UTF-8"?>
<!-- Generated by org.testng.reporters.JUnitXMLReporter -->
<testsuite ignored="0" hostname="DESKTOP-C7ALN6B" failures="0" tests="7" name="Test" time="5.05" errors="0" timestamp="2024-01-09T08:50:29 IST">
  <testcase classname="com.qc.pom.tests.POMTest" name="doLogin" time="0.604"/>
  <testcase classname="com.qc.pom.tests.POMTest" name="doLogin" time="0.461"/>
  <testcase classname="com.qc.pom.tests.POMTest" name="doLogin" time="0.493"/>
  <testcase classname="com.qc.pom.tests.POMTest" name="doLogin" time="0.437"/>
  <testcase classname="com.qc.pom.tests.POMTest" name="doLogin" time="0.577"/>
  <testcase classname="com.qc.pom.tests.POMTest" name="doLogin" time="0.479"/>
  <testcase classname="com.qc.pom.tests.POMTest" name="doLogin" time="1.439"/>
</testsuite> <!-- Test -->
