<?xml version="1.0" encoding="UTF-8"?>
<!-- Generated by org.testng.reporters.JUnitXMLReporter -->
<testsuite ignored="0" hostname="DESKTOP-C7ALN6B" failures="0" tests="7" name="Test" time="5.384" errors="0" timestamp="2024-06-29T10:43:35 IST">
  <testcase classname="com.qc.pom.tests.POMTest" name="doLogin" time="0.683"/>
  <testcase classname="com.qc.pom.tests.POMTest" name="doLogin" time="0.434"/>
  <testcase classname="com.qc.pom.tests.POMTest" name="doLogin" time="0.642"/>
  <testcase classname="com.qc.pom.tests.POMTest" name="doLogin" time="0.461"/>
  <testcase classname="com.qc.pom.tests.POMTest" name="doLogin" time="0.549"/>
  <testcase classname="com.qc.pom.tests.POMTest" name="doLogin" time="0.559"/>
  <testcase classname="com.qc.pom.tests.POMTest" name="doLogin" time="1.449"/>
</testsuite> <!-- Test -->
