<?xml version="1.0" encoding="UTF-8"?>
<!-- Generated by org.testng.reporters.JUnitReportReporter -->
<testsuite hostname="DESKTOP-C7ALN6B" failures="0" tests="7" name="com.qc.pom.tests.POMTest" time="4.490" errors="0" timestamp="2024-01-09T08:50:30 IST" skipped="0">
  <testcase classname="com.qc.pom.tests.POMTest" name="doLogin" time="1.439"/>
  <system-out/>
  <testcase classname="com.qc.pom.tests.POMTest" name="doLogin" time="0.437"/>
  <system-out/>
  <testcase classname="com.qc.pom.tests.POMTest" name="doLogin" time="0.577"/>
  <system-out/>
  <testcase classname="com.qc.pom.tests.POMTest" name="doLogin" time="0.461"/>
  <system-out/>
  <testcase classname="com.qc.pom.tests.POMTest" name="doLogin" time="0.479"/>
  <system-out/>
  <testcase classname="com.qc.pom.tests.POMTest" name="doLogin" time="0.604"/>
  <system-out/>
  <testcase classname="com.qc.pom.tests.POMTest" name="doLogin" time="0.493"/>
  <system-out/>
</testsuite> <!-- com.qc.pom.tests.POMTest -->
