<?xml version="1.0" encoding="UTF-8"?>
<!-- Generated by org.testng.reporters.JUnitReportReporter -->
<testsuite hostname="DESKTOP-05AN1TN" failures="0" tests="13" name="com.qc.pom.testcases.POMTest" time="38.151" errors="0" timestamp="2022-04-13T19:27:37 IST" skipped="0">
  <testcase classname="com.qc.pom.testcases.POMTest" name="doLogin" time="2.386"/>
  <system-out/>
  <testcase classname="com.qc.pom.testcases.POMTest" name="doLogin" time="2.350"/>
  <system-out/>
  <testcase classname="com.qc.pom.testcases.POMTest" name="doLogin" time="6.295"/>
  <system-out/>
  <testcase classname="com.qc.pom.testcases.POMTest" name="doLogin" time="2.978"/>
  <system-out/>
  <testcase classname="com.qc.pom.testcases.POMTest" name="doLogin" time="2.331"/>
  <system-out/>
  <testcase classname="com.qc.pom.testcases.POMTest" name="doLogin" time="2.353"/>
  <system-out/>
  <testcase classname="com.qc.pom.testcases.POMTest" name="doRegister" time="2.907"/>
  <system-out/>
  <testcase classname="com.qc.pom.testcases.POMTest" name="doRegister" time="2.605"/>
  <system-out/>
  <testcase classname="com.qc.pom.testcases.POMTest" name="doRegister" time="3.750"/>
  <system-out/>
  <testcase classname="com.qc.pom.testcases.POMTest" name="doRegister" time="2.593"/>
  <system-out/>
  <testcase classname="com.qc.pom.testcases.POMTest" name="doLogin" time="2.427"/>
  <system-out/>
  <testcase classname="com.qc.pom.testcases.POMTest" name="doRegister" time="2.568"/>
  <system-out/>
  <testcase classname="com.qc.pom.testcases.POMTest" name="doRegister" time="2.608"/>
  <system-out/>
</testsuite> <!-- com.qc.pom.testcases.POMTest -->
